<?xml version="1.0" encoding="UTF-8"?>
<!-- Generated by org.testng.reporters.JUnitReportReporter -->
<testsuite hostname="LT-5CG1283MHP" failures="0" tests="1" name="SampleE2E" time="2.072" errors="0" timestamp="2022-09-01T14:26:39 CDT" skipped="0">
  <testcase classname="SampleE2E" name="postdata" time="2.072"/>
  <system-out/>
</testsuite> <!-- SampleE2E -->
