<?xml version="1.0" encoding="UTF-8"?>
<!-- Generated by org.testng.reporters.JUnitReportReporter -->
<testsuite hostname="LT-5CG1283MHP" failures="0" tests="4" name="sample.SmplTes1" time="9.696" errors="0" timestamp="2022-09-08T09:20:24 CDT" skipped="0">
  <testcase classname="sample.SmplTes1" name="getdata" time="1.681"/>
  <system-out/>
  <testcase classname="sample.SmplTes1" name="postdata" time="1.781"/>
  <system-out/>
  <testcase classname="sample.SmplTes1" name="putdata" time="1.211"/>
  <system-out/>
  <testcase classname="sample.SmplTes1" name="deleteData" time="5.023"/>
  <system-out/>
</testsuite> <!-- sample.SmplTes1 -->
